
*** Running vivado
    with args -log Pong_Top.vds -m64 -product Vivado -mode batch -messageDb vivado.pb -notrace -source Pong_Top.tcl



****** Vivado v2024.2 (64-bit)
  **** SW Build 5239630 on Fri Nov 08 22:35:27 MST 2024
  **** IP Build 5239520 on Sun Nov 10 16:12:51 MST 2024
  **** SharedData Build 5239561 on Fri Nov 08 14:39:27 MST 2024
  **** Start of session at: Mon Jun  2 06:13:28 2025
    ** Copyright 1986-2022 Xilinx, Inc. All Rights Reserved.
    ** Copyright 2022-2024 Advanced Micro Devices, Inc. All Rights Reserved.

source Pong_Top.tcl -notrace
Command: read_checkpoint -auto_incremental -incremental C:/Users/Locke/VivadoProjects/VGA_Pong/VGA_Pong.srcs/utils_1/imports/synth_1/Pong_Top.dcp
INFO: [Vivado 12-5825] Read reference checkpoint from C:/Users/Locke/VivadoProjects/VGA_Pong/VGA_Pong.srcs/utils_1/imports/synth_1/Pong_Top.dcp for incremental synthesis
INFO: [Vivado 12-7989] Please ensure there are no constraint changes
Command: synth_design -top Pong_Top -part xc7a35tftg256-1
Starting synth_design
Attempting to get a license for feature 'Synthesis' and/or device 'xc7a35t'
INFO: [Common 17-349] Got license for feature 'Synthesis' and/or device 'xc7a35t'
INFO: [Device 21-403] Loading part xc7a35tftg256-1
INFO: [Designutils 20-5440] No compile time benefit to using incremental synthesis; A full resynthesis will be run
INFO: [Designutils 20-4379] Flow is switching to default flow due to incremental criteria not met. If you would like to alter this behaviour and have the flow terminate instead, please set the following parameter config_implementation {autoIncr.Synth.RejectBehavior Terminate}
INFO: [Synth 8-7079] Multithreading enabled for synth_design using a maximum of 2 processes.
INFO: [Synth 8-7078] Launching helper process for spawning children vivado processes
INFO: [Synth 8-7075] Helper process launched with PID 29592
---------------------------------------------------------------------------------
Starting RTL Elaboration : Time (s): cpu = 00:00:03 ; elapsed = 00:00:03 . Memory (MB): peak = 989.102 ; gain = 468.742
---------------------------------------------------------------------------------
INFO: [Synth 8-11241] undeclared symbol 'rom_addr', assumed default net type 'wire' [C:/Users/Locke/VivadoProjects/rtl/Pixel_Generator.v:180]
INFO: [Synth 8-11241] undeclared symbol 'pixel_refresh', assumed default net type 'wire' [C:/Users/Locke/VivadoProjects/rtl/Pong_Top.v:37]
INFO: [Synth 8-6157] synthesizing module 'Pong_Top' [C:/Users/Locke/VivadoProjects/rtl/Pong_Top.v:7]
INFO: [Synth 8-6157] synthesizing module 'vga_handler' [C:/Users/Locke/VivadoProjects/rtl/VGA_Sync_Handler.v:18]
INFO: [Synth 8-6155] done synthesizing module 'vga_handler' (0#1) [C:/Users/Locke/VivadoProjects/rtl/VGA_Sync_Handler.v:18]
INFO: [Synth 8-6157] synthesizing module 'pixel_generator' [C:/Users/Locke/VivadoProjects/rtl/Pixel_Generator.v:7]
WARNING: [Synth 8-151] case item 3'b010 is unreachable [C:/Users/Locke/VivadoProjects/rtl/Pixel_Generator.v:107]
WARNING: [Synth 8-151] case item 3'b011 is unreachable [C:/Users/Locke/VivadoProjects/rtl/Pixel_Generator.v:108]
WARNING: [Synth 8-151] case item 3'b100 is unreachable [C:/Users/Locke/VivadoProjects/rtl/Pixel_Generator.v:109]
WARNING: [Synth 8-151] case item 3'b101 is unreachable [C:/Users/Locke/VivadoProjects/rtl/Pixel_Generator.v:110]
WARNING: [Synth 8-151] case item 3'b110 is unreachable [C:/Users/Locke/VivadoProjects/rtl/Pixel_Generator.v:111]
WARNING: [Synth 8-151] case item 3'b111 is unreachable [C:/Users/Locke/VivadoProjects/rtl/Pixel_Generator.v:112]
INFO: [Synth 8-6155] done synthesizing module 'pixel_generator' (0#1) [C:/Users/Locke/VivadoProjects/rtl/Pixel_Generator.v:7]
INFO: [Synth 8-6157] synthesizing module 'button_Debouncer' [C:/Users/Locke/VivadoProjects/rtl/Button_Debounce.v:4]
INFO: [Synth 8-6155] done synthesizing module 'button_Debouncer' (0#1) [C:/Users/Locke/VivadoProjects/rtl/Button_Debounce.v:4]
INFO: [Synth 8-6155] done synthesizing module 'Pong_Top' (0#1) [C:/Users/Locke/VivadoProjects/rtl/Pong_Top.v:7]
---------------------------------------------------------------------------------
Finished RTL Elaboration : Time (s): cpu = 00:00:03 ; elapsed = 00:00:04 . Memory (MB): peak = 1095.238 ; gain = 574.879
---------------------------------------------------------------------------------
---------------------------------------------------------------------------------
Start Handling Custom Attributes
---------------------------------------------------------------------------------
---------------------------------------------------------------------------------
Finished Handling Custom Attributes : Time (s): cpu = 00:00:04 ; elapsed = 00:00:04 . Memory (MB): peak = 1095.238 ; gain = 574.879
---------------------------------------------------------------------------------
---------------------------------------------------------------------------------
Finished RTL Optimization Phase 1 : Time (s): cpu = 00:00:04 ; elapsed = 00:00:04 . Memory (MB): peak = 1095.238 ; gain = 574.879
---------------------------------------------------------------------------------
Netlist sorting complete. Time (s): cpu = 00:00:00 ; elapsed = 00:00:00.002 . Memory (MB): peak = 1095.238 ; gain = 0.000
INFO: [Project 1-570] Preparing netlist for logic optimization

Processing XDC Constraints
Initializing timing engine
Parsing XDC File [C:/Users/Locke/VivadoProjects/cons/pong_constraints.xdc]
Finished Parsing XDC File [C:/Users/Locke/VivadoProjects/cons/pong_constraints.xdc]
INFO: [Project 1-236] Implementation specific constraints were found while reading constraint file [C:/Users/Locke/VivadoProjects/cons/pong_constraints.xdc]. These constraints will be ignored for synthesis but will be used in implementation. Impacted constraints are listed in the file [.Xil/Pong_Top_propImpl.xdc].
Resolution: To avoid this warning, move constraints listed in [.Xil/Pong_Top_propImpl.xdc] to another XDC file and exclude this new file from synthesis with the used_in_synthesis property (File Properties dialog in GUI) and re-run elaboration/synthesis.
Completed Processing XDC Constraints

Netlist sorting complete. Time (s): cpu = 00:00:00 ; elapsed = 00:00:00 . Memory (MB): peak = 1183.406 ; gain = 0.000
INFO: [Project 1-111] Unisim Transformation Summary:
No Unisim elements were transformed.

Constraint Validation Runtime : Time (s): cpu = 00:00:00 ; elapsed = 00:00:00.002 . Memory (MB): peak = 1183.406 ; gain = 0.000
INFO: [Designutils 20-5440] No compile time benefit to using incremental synthesis; A full resynthesis will be run
INFO: [Designutils 20-4379] Flow is switching to default flow due to incremental criteria not met. If you would like to alter this behaviour and have the flow terminate instead, please set the following parameter config_implementation {autoIncr.Synth.RejectBehavior Terminate}
---------------------------------------------------------------------------------
Finished Constraint Validation : Time (s): cpu = 00:00:08 ; elapsed = 00:00:09 . Memory (MB): peak = 1183.406 ; gain = 663.047
---------------------------------------------------------------------------------
---------------------------------------------------------------------------------
Start Loading Part and Timing Information
---------------------------------------------------------------------------------
Loading part: xc7a35tftg256-1
---------------------------------------------------------------------------------
Finished Loading Part and Timing Information : Time (s): cpu = 00:00:08 ; elapsed = 00:00:09 . Memory (MB): peak = 1183.406 ; gain = 663.047
---------------------------------------------------------------------------------
---------------------------------------------------------------------------------
Start Applying 'set_property' XDC Constraints
---------------------------------------------------------------------------------
---------------------------------------------------------------------------------
Finished applying 'set_property' XDC Constraints : Time (s): cpu = 00:00:08 ; elapsed = 00:00:09 . Memory (MB): peak = 1183.406 ; gain = 663.047
---------------------------------------------------------------------------------
---------------------------------------------------------------------------------
Finished RTL Optimization Phase 2 : Time (s): cpu = 00:00:08 ; elapsed = 00:00:09 . Memory (MB): peak = 1183.406 ; gain = 663.047
---------------------------------------------------------------------------------
---------------------------------------------------------------------------------
Start RTL Component Statistics 
---------------------------------------------------------------------------------
Detailed RTL Component Info : 
+---Adders : 
	   2 Input   10 Bit       Adders := 8     
	   3 Input    3 Bit       Adders := 1     
	   2 Input    2 Bit       Adders := 1     
	   3 Input    1 Bit       Adders := 1     
+---Registers : 
	               10 Bit    Registers := 7     
	                3 Bit    Registers := 1     
	                2 Bit    Registers := 1     
	                1 Bit    Registers := 14    
+---Muxes : 
	   2 Input   10 Bit        Muxes := 2     
	   2 Input    3 Bit        Muxes := 3     
	   2 Input    1 Bit        Muxes := 4     
---------------------------------------------------------------------------------
Finished RTL Component Statistics 
---------------------------------------------------------------------------------
---------------------------------------------------------------------------------
Start Part Resource Summary
---------------------------------------------------------------------------------
Part Resources:
DSPs: 90 (col length:60)
BRAMs: 100 (col length: RAMB18 60 RAMB36 30)
---------------------------------------------------------------------------------
Finished Part Resource Summary
---------------------------------------------------------------------------------
---------------------------------------------------------------------------------
Start Cross Boundary and Area Optimization
---------------------------------------------------------------------------------
WARNING: [Synth 8-7080] Parallel synthesis criteria is not met
---------------------------------------------------------------------------------
Finished Cross Boundary and Area Optimization : Time (s): cpu = 00:00:10 ; elapsed = 00:00:11 . Memory (MB): peak = 1183.406 ; gain = 663.047
---------------------------------------------------------------------------------
---------------------------------------------------------------------------------
Start Applying XDC Timing Constraints
---------------------------------------------------------------------------------
---------------------------------------------------------------------------------
Finished Applying XDC Timing Constraints : Time (s): cpu = 00:00:13 ; elapsed = 00:00:14 . Memory (MB): peak = 1287.574 ; gain = 767.215
---------------------------------------------------------------------------------
---------------------------------------------------------------------------------
Start Timing Optimization
---------------------------------------------------------------------------------
---------------------------------------------------------------------------------
Finished Timing Optimization : Time (s): cpu = 00:00:14 ; elapsed = 00:00:15 . Memory (MB): peak = 1324.996 ; gain = 804.637
---------------------------------------------------------------------------------
---------------------------------------------------------------------------------
Start Technology Mapping
---------------------------------------------------------------------------------
---------------------------------------------------------------------------------
Finished Technology Mapping : Time (s): cpu = 00:00:14 ; elapsed = 00:00:15 . Memory (MB): peak = 1324.996 ; gain = 804.637
---------------------------------------------------------------------------------
---------------------------------------------------------------------------------
Start IO Insertion
---------------------------------------------------------------------------------
---------------------------------------------------------------------------------
Start Flattening Before IO Insertion
---------------------------------------------------------------------------------
---------------------------------------------------------------------------------
Finished Flattening Before IO Insertion
---------------------------------------------------------------------------------
---------------------------------------------------------------------------------
Start Final Netlist Cleanup
---------------------------------------------------------------------------------
---------------------------------------------------------------------------------
Finished Final Netlist Cleanup
---------------------------------------------------------------------------------
---------------------------------------------------------------------------------
Finished IO Insertion : Time (s): cpu = 00:00:16 ; elapsed = 00:00:17 . Memory (MB): peak = 1516.141 ; gain = 995.781
---------------------------------------------------------------------------------
---------------------------------------------------------------------------------
Start Renaming Generated Instances
---------------------------------------------------------------------------------
---------------------------------------------------------------------------------
Finished Renaming Generated Instances : Time (s): cpu = 00:00:16 ; elapsed = 00:00:17 . Memory (MB): peak = 1516.141 ; gain = 995.781
---------------------------------------------------------------------------------
---------------------------------------------------------------------------------
Start Rebuilding User Hierarchy
---------------------------------------------------------------------------------
---------------------------------------------------------------------------------
Finished Rebuilding User Hierarchy : Time (s): cpu = 00:00:16 ; elapsed = 00:00:17 . Memory (MB): peak = 1516.141 ; gain = 995.781
---------------------------------------------------------------------------------
---------------------------------------------------------------------------------
Start Renaming Generated Ports
---------------------------------------------------------------------------------
---------------------------------------------------------------------------------
Finished Renaming Generated Ports : Time (s): cpu = 00:00:16 ; elapsed = 00:00:17 . Memory (MB): peak = 1516.141 ; gain = 995.781
---------------------------------------------------------------------------------
---------------------------------------------------------------------------------
Start Handling Custom Attributes
---------------------------------------------------------------------------------
---------------------------------------------------------------------------------
Finished Handling Custom Attributes : Time (s): cpu = 00:00:16 ; elapsed = 00:00:17 . Memory (MB): peak = 1516.141 ; gain = 995.781
---------------------------------------------------------------------------------
---------------------------------------------------------------------------------
Start Renaming Generated Nets
---------------------------------------------------------------------------------
---------------------------------------------------------------------------------
Finished Renaming Generated Nets : Time (s): cpu = 00:00:16 ; elapsed = 00:00:17 . Memory (MB): peak = 1516.141 ; gain = 995.781
---------------------------------------------------------------------------------
---------------------------------------------------------------------------------
Start Writing Synthesis Report
---------------------------------------------------------------------------------

Report BlackBoxes: 
+-+--------------+----------+
| |BlackBox name |Instances |
+-+--------------+----------+
+-+--------------+----------+

Report Cell Usage: 
+------+-------+------+
|      |Cell   |Count |
+------+-------+------+
|1     |BUFG   |     1|
|2     |CARRY4 |    22|
|3     |LUT1   |     5|
|4     |LUT2   |    36|
|5     |LUT3   |    18|
|6     |LUT4   |    49|
|7     |LUT5   |    39|
|8     |LUT6   |    37|
|9     |FDCE   |    29|
|10    |FDRE   |    27|
|11    |FDSE   |     2|
|12    |IBUF   |     4|
|13    |OBUF   |     5|
+------+-------+------+
---------------------------------------------------------------------------------
Finished Writing Synthesis Report : Time (s): cpu = 00:00:16 ; elapsed = 00:00:17 . Memory (MB): peak = 1516.141 ; gain = 995.781
---------------------------------------------------------------------------------
Synthesis finished with 0 errors, 0 critical warnings and 1 warnings.
Synthesis Optimization Runtime : Time (s): cpu = 00:00:11 ; elapsed = 00:00:16 . Memory (MB): peak = 1516.141 ; gain = 907.613
Synthesis Optimization Complete : Time (s): cpu = 00:00:16 ; elapsed = 00:00:17 . Memory (MB): peak = 1516.141 ; gain = 995.781
INFO: [Project 1-571] Translating synthesized netlist
Netlist sorting complete. Time (s): cpu = 00:00:00 ; elapsed = 00:00:00.002 . Memory (MB): peak = 1516.141 ; gain = 0.000
INFO: [Netlist 29-17] Analyzing 22 Unisim elements for replacement
INFO: [Netlist 29-28] Unisim Transformation completed in 0 CPU seconds
INFO: [Project 1-570] Preparing netlist for logic optimization
INFO: [Opt 31-138] Pushed 0 inverter(s) to 0 load pin(s).
Netlist sorting complete. Time (s): cpu = 00:00:00 ; elapsed = 00:00:00.001 . Memory (MB): peak = 1516.141 ; gain = 0.000
INFO: [Project 1-111] Unisim Transformation Summary:
No Unisim elements were transformed.

Synth Design complete | Checksum: 2f041c4
INFO: [Common 17-83] Releasing license: Synthesis
31 Infos, 7 Warnings, 0 Critical Warnings and 0 Errors encountered.
synth_design completed successfully
synth_design: Time (s): cpu = 00:00:19 ; elapsed = 00:00:21 . Memory (MB): peak = 1516.141 ; gain = 1187.336
Write ShapeDB Complete: Time (s): cpu = 00:00:00 ; elapsed = 00:00:00.001 . Memory (MB): peak = 1516.141 ; gain = 0.000
INFO: [Common 17-1381] The checkpoint 'C:/Users/Locke/VivadoProjects/VGA_Pong/VGA_Pong.runs/synth_1/Pong_Top.dcp' has been generated.
INFO: [Vivado 12-24828] Executing command : report_utilization -file Pong_Top_utilization_synth.rpt -pb Pong_Top_utilization_synth.pb
INFO: [Common 17-206] Exiting Vivado at Mon Jun  2 06:13:52 2025...
